2026-06-01 09:45:23,647 [ERROR] Scrrapper.scrapp_helper: Could not enter https://new.stat.gov.pl/
Traceback (most recent call last):
  File "/home/onyxia/work/WP10-CLuster_2-example_code/Scrrapper/scrapp_helper.py", line 56, in process_url
    response =await page.goto(url, timeout=60000, wait_until="domcontentloaded")
              ^^^^^^^^^^^^^^^^^^^^^^^^^^^^^^^^^^^^^^^^^^^^^^^^^^^^^^^^^^^^^^^^^^
  File "/home/onyxia/work/WP10-CLuster_2-example_code/.venv/lib/python3.13/site-packages/playwright/async_api/_generated.py", line 9611, in goto
    await self._impl_obj.goto(
    ...<4 lines>...
    )
  File "/home/onyxia/work/WP10-CLuster_2-example_code/.venv/lib/python3.13/site-packages/playwright/_impl/_page.py", line 557, in goto
    return await self._main_frame.goto(**locals_to_params(locals()))
           ^^^^^^^^^^^^^^^^^^^^^^^^^^^^^^^^^^^^^^^^^^^^^^^^^^^^^^^^^
  File "/home/onyxia/work/WP10-CLuster_2-example_code/.venv/lib/python3.13/site-packages/playwright/_impl/_frame.py", line 156, in goto
    await self._channel.send(
        "goto", self._navigation_timeout, locals_to_params(locals())
    )
  File "/home/onyxia/work/WP10-CLuster_2-example_code/.venv/lib/python3.13/site-packages/playwright/_impl/_connection.py", line 69, in send
    return await self._connection.wrap_api_call(
           ^^^^^^^^^^^^^^^^^^^^^^^^^^^^^^^^^^^^^
    ...<3 lines>...
    )
    ^
  File "/home/onyxia/work/WP10-CLuster_2-example_code/.venv/lib/python3.13/site-packages/playwright/_impl/_connection.py", line 559, in wrap_api_call
    raise rewrite_error(error, f"{parsed_st['apiName']}: {error}") from None
playwright._impl._errors.Error: Page.goto: net::ERR_NAME_NOT_RESOLVED at https://new.stat.gov.pl/
Call log:
  - navigating to "https://new.stat.gov.pl/", waiting until "domcontentloaded"

2026-06-01 09:45:23,682 [ERROR] Scrrapper.scrapp_helper: Problem with the procedure PROCESS_URL
NoneType: None
